<?xml version="1.0" encoding="UTF-8"?>
<!-- Generated by org.testng.reporters.JUnitXMLReporter -->
<testsuite hostname="PRO-LP131" ignored="0" name="ChooseBrowser" tests="4" failures="0" timestamp="11 Apr 2019 10:28:46 GMT" time="28.182" errors="0">
  <testcase name="validateSearchFilter" time="2.463" classname="com.seleniumtaf.test.RegressionTest"/>
  <testcase name="validateComputerIsAdded" time="3.421" classname="com.seleniumtaf.test.RegressionTest"/>
  <testcase name="validateComputerIsDeleted" time="1.882" classname="com.seleniumtaf.test.RegressionTest"/>
  <testcase name="validateComputerIsEdited" time="15.443" classname="com.seleniumtaf.test.RegressionTest"/>
</testsuite> <!-- ChooseBrowser -->
