<?xml version="1.0" encoding="UTF-8"?>
<testng-results skipped="0" failed="0" ignored="0" total="4" passed="4">
  <reporter-output>
  </reporter-output>
  <suite name="Suite" duration-ms="27714" started-at="2019-04-12T06:04:16Z" finished-at="2019-04-12T06:04:44Z">
    <groups>
    </groups>
    <test name="RegressionTest" duration-ms="27714" started-at="2019-04-12T06:04:16Z" finished-at="2019-04-12T06:04:44Z">
      <class name="com.seleniumtaf.test.RegressionTest">
        <test-method status="PASS" signature="setup(java.lang.String)[pri:0, instance:com.seleniumtaf.test.RegressionTest@5c3bd550]" name="setup" is-config="true" duration-ms="4179" started-at="2019-04-12T06:04:16Z" finished-at="2019-04-12T06:04:20Z">
          <params>
            <param index="0">
              <value>
                <![CDATA[Chrome]]>
              </value>
            </param>
          </params>
          <reporter-output>
          </reporter-output>
        </test-method> <!-- setup -->
        <test-method status="PASS" signature="validateSearchFilter(java.lang.reflect.Method)[pri:0, instance:com.seleniumtaf.test.RegressionTest@5c3bd550]" name="validateSearchFilter" duration-ms="2707" started-at="2019-04-12T06:04:20Z" description="Search filter results in item searched for" finished-at="2019-04-12T06:04:23Z">
          <params>
            <param index="0">
              <value>
                <![CDATA[public void com.seleniumtaf.test.RegressionTest.validateSearchFilter(java.lang.reflect.Method)]]>
              </value>
            </param>
          </params>
          <reporter-output>
          </reporter-output>
        </test-method> <!-- validateSearchFilter -->
        <test-method status="PASS" signature="validateComputerIsAdded(java.lang.reflect.Method)[pri:1, instance:com.seleniumtaf.test.RegressionTest@5c3bd550]" name="validateComputerIsAdded" duration-ms="3284" started-at="2019-04-12T06:04:23Z" description="Add a new computer in to the database" finished-at="2019-04-12T06:04:26Z">
          <params>
            <param index="0">
              <value>
                <![CDATA[public void com.seleniumtaf.test.RegressionTest.validateComputerIsAdded(java.lang.reflect.Method)]]>
              </value>
            </param>
          </params>
          <reporter-output>
          </reporter-output>
        </test-method> <!-- validateComputerIsAdded -->
        <test-method status="PASS" signature="validateComputerIsDeleted(java.lang.reflect.Method)[pri:2, instance:com.seleniumtaf.test.RegressionTest@5c3bd550]" name="validateComputerIsDeleted" duration-ms="1775" started-at="2019-04-12T06:04:26Z" description="Delete already added computer system from warehouse and validate" finished-at="2019-04-12T06:04:28Z">
          <params>
            <param index="0">
              <value>
                <![CDATA[public void com.seleniumtaf.test.RegressionTest.validateComputerIsDeleted(java.lang.reflect.Method)]]>
              </value>
            </param>
          </params>
          <reporter-output>
          </reporter-output>
        </test-method> <!-- validateComputerIsDeleted -->
        <test-method status="PASS" signature="validateComputerIsEdited(java.lang.reflect.Method)[pri:3, instance:com.seleniumtaf.test.RegressionTest@5c3bd550]" name="validateComputerIsEdited" duration-ms="15043" started-at="2019-04-12T06:04:28Z" description="Edit an already existing computer in the database or Create one before" finished-at="2019-04-12T06:04:43Z">
          <params>
            <param index="0">
              <value>
                <![CDATA[public void com.seleniumtaf.test.RegressionTest.validateComputerIsEdited(java.lang.reflect.Method)]]>
              </value>
            </param>
          </params>
          <reporter-output>
          </reporter-output>
        </test-method> <!-- validateComputerIsEdited -->
        <test-method status="PASS" signature="teardown()[pri:0, instance:com.seleniumtaf.test.RegressionTest@5c3bd550]" name="teardown" is-config="true" duration-ms="700" started-at="2019-04-12T06:04:43Z" finished-at="2019-04-12T06:04:44Z">
          <reporter-output>
          </reporter-output>
        </test-method> <!-- teardown -->
      </class> <!-- com.seleniumtaf.test.RegressionTest -->
    </test> <!-- RegressionTest -->
  </suite> <!-- Suite -->
</testng-results>
